[01m[K/home/mzx/Desktop/yuanshi/quadruped_robot_2023/src/hardware_ctrl/src/stm32_communication.cpp:[m[K In function â€˜[01m[Kvoid Map_PublishMotorData(ros::Publisher&)[m[Kâ€™:
[01m[K/home/mzx/Desktop/yuanshi/quadruped_robot_2023/src/hardware_ctrl/src/stm32_communication.cpp:174:63:[m[K [01;31m[Kerror: [m[Kâ€˜[01m[KpMotorDriver_rec[m[Kâ€™ was not declared in this scope; did you mean â€˜[01m[KpMotorDriver[m[Kâ€™?
  174 |        printf("pMotorDriver->MotorData[Count].CurPos = %f\n", [01;31m[KpMotorDriver_rec[m[K->MotorData[Count].CurPos);
      |                                                               [01;31m[K^~~~~~~~~~~~~~~~[m[K
      |                                                               [32m[KpMotorDriver[m[K
make[2]: *** [CMakeFiles/STM32_Node.dir/build.make:63: CMakeFiles/STM32_Node.dir/src/stm32_communication.cpp.o] Error 1
make[1]: *** [CMakeFiles/Makefile2:176: CMakeFiles/STM32_Node.dir/all] Error 2
make: *** [Makefile:141: all] Error 2
